
> build
> vite build

[36mvite v8.0.14 [32mbuilding client environment for production...[36m[39m
[2Ktransforming...(node:11732) [MODULE_TYPELESS_PACKAGE_JSON] Warning: Module type of file:///C:/Users/nguye/OneDrive%20-%20HUFI/Nguyen/FACENET_DACN/diemdanh/frontend/postcss.config.js?t=1779427897340 is not specified and it doesn't parse as CommonJS.
Reparsing as ES module because module syntax was detected. This incurs a performance overhead.
To eliminate this warning, add "type": "module" to C:\Users\nguye\OneDrive - HUFI\Nguyen\FACENET_DACN\diemdanh\frontend\package.json.
(Use `node --trace-warnings ...` to show where the warning was created)
✓ 1790 modules transformed.
[31m✗[39m Build failed in 788ms
[31merror during build:
[31mBuild failed with 1 error:

[plugin vite:css] C:/Users/nguye/OneDrive - HUFI/Nguyen/FACENET_DACN/diemdanh/frontend/src/index.css:undefined:NaN
Error: [postcss] It looks like you're trying to use `tailwindcss` directly as a PostCSS plugin. The PostCSS plugin has moved to a separate package, so to continue using Tailwind CSS with PostCSS you'll need to install `@tailwindcss/postcss` and update your PostCSS configuration.
    at ft (C:\Users\nguye\OneDrive - HUFI\Nguyen\FACENET_DACN\diemdanh\frontend\node_modules\tailwindcss\dist\lib.js:38:1643)
    at LazyResult.runOnRoot (C:\Users\nguye\OneDrive - HUFI\Nguyen\FACENET_DACN\diemdanh\frontend\node_modules\postcss\lib\lazy-result.js:361:16)
    at LazyResult.runAsync (C:\Users\nguye\OneDrive - HUFI\Nguyen\FACENET_DACN\diemdanh\frontend\node_modules\postcss\lib\lazy-result.js:290:26)
    at async runPostCSS (file:///C:/Users/nguye/OneDrive%20-%20HUFI/Nguyen/FACENET_DACN/diemdanh/frontend/node_modules/vite/dist/node/chunks/node.js:21055:19)
    at async compilePostCSS (file:///C:/Users/nguye/OneDrive%20-%20HUFI/Nguyen/FACENET_DACN/diemdanh/frontend/node_modules/vite/dist/node/chunks/node.js:21039:6)
    at async compileCSS (file:///C:/Users/nguye/OneDrive%20-%20HUFI/Nguyen/FACENET_DACN/diemdanh/frontend/node_modules/vite/dist/node/chunks/node.js:20969:26)
    at async TransformPluginContextImpl.handler (file:///C:/Users/nguye/OneDrive%20-%20HUFI/Nguyen/FACENET_DACN/diemdanh/frontend/node_modules/vite/dist/node/chunks/node.js:20477:47)
    at async plugin (file:///C:/Users/nguye/OneDrive%20-%20HUFI/Nguyen/FACENET_DACN/diemdanh/frontend/node_modules/rolldown/dist/shared/bindingify-input-options-DmY7myA4.mjs:1185:16)
    at async plugin.<computed> (file:///C:/Users/nguye/OneDrive%20-%20HUFI/Nguyen/FACENET_DACN/diemdanh/frontend/node_modules/rolldown/dist/shared/bindingify-input-options-DmY7myA4.mjs:1625:12)[31m
    at aggregateBindingErrorsIntoJsError (file:///C:/Users/nguye/OneDrive%20-%20HUFI/Nguyen/FACENET_DACN/diemdanh/frontend/node_modules/rolldown/dist/shared/error-B8po7KiL.mjs:48:18)
    at unwrapBindingResult (file:///C:/Users/nguye/OneDrive%20-%20HUFI/Nguyen/FACENET_DACN/diemdanh/frontend/node_modules/rolldown/dist/shared/error-B8po7KiL.mjs:18:128)
    at #build (file:///C:/Users/nguye/OneDrive%20-%20HUFI/Nguyen/FACENET_DACN/diemdanh/frontend/node_modules/rolldown/dist/shared/rolldown-build-9MccaWPU.mjs:3236:34)
    at async buildEnvironment (file:///C:/Users/nguye/OneDrive%20-%20HUFI/Nguyen/FACENET_DACN/diemdanh/frontend/node_modules/vite/dist/node/chunks/node.js:33137:64)
    at async Object.build (file:///C:/Users/nguye/OneDrive%20-%20HUFI/Nguyen/FACENET_DACN/diemdanh/frontend/node_modules/vite/dist/node/chunks/node.js:33559:19)
    at async Object.buildApp (file:///C:/Users/nguye/OneDrive%20-%20HUFI/Nguyen/FACENET_DACN/diemdanh/frontend/node_modules/vite/dist/node/chunks/node.js:33556:153)
    at async CAC.<anonymous> (file:///C:/Users/nguye/OneDrive%20-%20HUFI/Nguyen/FACENET_DACN/diemdanh/frontend/node_modules/vite/dist/node/cli.js:777:3) {
  errors: [Getter/Setter]
}[39m
